TN:
SF:server/auth.ts
FN:18,(anonymous_0)
FN:41,(anonymous_1)
FN:42,(anonymous_2)
FN:52,(anonymous_3)
FNF:4
FNH:1
FNDA:2,(anonymous_0)
FNDA:0,(anonymous_1)
FNDA:0,(anonymous_2)
FNDA:0,(anonymous_3)
DA:1,1
DA:3,1
DA:4,1
DA:5,1
DA:7,1
DA:18,1
DA:19,2
DA:20,2
DA:22,2
DA:23,2
DA:24,2
DA:25,0
DA:28,0
DA:29,0
DA:30,0
DA:35,2
DA:36,2
DA:41,1
DA:42,0
DA:43,0
DA:44,0
DA:45,0
DA:47,0
DA:52,1
DA:53,0
DA:54,0
DA:55,0
DA:58,0
DA:59,0
DA:60,0
DA:63,0
DA:65,0
DA:66,0
DA:70,1
LF:34
LH:16
BRDA:24,0,0,0
BRDA:24,0,1,0
BRDA:24,1,0,2
BRDA:24,1,1,2
BRDA:43,2,0,0
BRDA:43,2,1,0
BRDA:54,3,0,0
BRDA:54,3,1,0
BRDA:59,4,0,0
BRDA:59,4,1,0
BRF:10
BRH:2
end_of_record
TN:
SF:server/middleware.ts
FN:5,(anonymous_0)
FN:13,(anonymous_1)
FN:14,(anonymous_2)
FN:40,(anonymous_3)
FNF:4
FNH:1
FNDA:0,(anonymous_0)
FNDA:4,(anonymous_1)
FNDA:0,(anonymous_2)
FNDA:0,(anonymous_3)
DA:2,1
DA:5,1
DA:6,0
DA:7,0
DA:9,0
DA:13,1
DA:14,4
DA:15,0
DA:16,0
DA:19,0
DA:20,0
DA:21,0
DA:22,0
DA:25,0
DA:26,0
DA:31,0
DA:33,0
DA:34,0
DA:40,1
DA:41,0
LF:20
LH:5
BRDA:6,0,0,0
BRDA:6,0,1,0
BRDA:15,1,0,0
BRDA:15,1,1,0
BRDA:21,2,0,0
BRDA:21,2,1,0
BRDA:25,3,0,0
BRDA:25,3,1,0
BRF:8
BRH:0
end_of_record
TN:
SF:server/routes.ts
FN:15,(anonymous_0)
FN:25,(anonymous_1)
FN:46,(anonymous_2)
FN:57,(anonymous_3)
FN:80,(anonymous_4)
FN:102,(anonymous_5)
FN:128,(anonymous_6)
FN:145,(anonymous_7)
FN:169,(anonymous_8)
FN:179,(anonymous_9)
FNF:10
FNH:0
FNDA:0,(anonymous_0)
FNDA:0,(anonymous_1)
FNDA:0,(anonymous_2)
FNDA:0,(anonymous_3)
FNDA:0,(anonymous_4)
FNDA:0,(anonymous_5)
FNDA:0,(anonymous_6)
FNDA:0,(anonymous_7)
FNDA:0,(anonymous_8)
FNDA:0,(anonymous_9)
DA:1,1
DA:2,1
DA:3,1
DA:4,1
DA:13,1
DA:15,1
DA:16,0
DA:17,0
DA:18,0
DA:20,0
DA:21,0
DA:25,1
DA:26,0
DA:27,0
DA:28,0
DA:30,0
DA:31,0
DA:35,0
DA:36,0
DA:39,0
DA:41,0
DA:42,0
DA:46,1
DA:47,0
DA:48,0
DA:49,0
DA:50,0
DA:52,0
DA:53,0
DA:57,1
DA:58,0
DA:59,0
DA:62,0
DA:63,0
DA:66,0
DA:67,0
DA:69,0
DA:70,0
DA:73,0
DA:75,0
DA:76,0
DA:80,1
DA:81,0
DA:82,0
DA:83,0
DA:85,0
DA:87,0
DA:88,0
DA:89,0
DA:91,0
DA:92,0
DA:94,0
DA:97,0
DA:98,0
DA:102,1
DA:103,0
DA:104,0
DA:105,0
DA:107,0
DA:108,0
DA:111,0
DA:112,0
DA:115,0
DA:118,0
DA:120,0
DA:123,0
DA:124,0
DA:128,1
DA:129,0
DA:130,0
DA:133,0
DA:134,0
DA:137,0
DA:138,0
DA:140,0
DA:141,0
DA:145,1
DA:146,0
DA:147,0
DA:148,0
DA:150,0
DA:151,0
DA:155,0
DA:156,0
DA:159,0
DA:160,0
DA:162,0
DA:164,0
DA:165,0
DA:169,1
DA:170,0
DA:171,0
DA:172,0
DA:174,0
DA:175,0
DA:179,1
DA:180,0
DA:181,0
DA:182,0
DA:184,0
DA:185,0
DA:188,0
DA:190,0
DA:191,0
DA:195,1
LF:105
LH:16
BRDA:30,0,0,0
BRDA:30,0,1,0
BRDA:35,1,0,0
BRDA:35,1,1,0
BRDA:35,2,0,0
BRDA:35,2,1,0
BRDA:62,3,0,0
BRDA:62,3,1,0
BRDA:62,4,0,0
BRDA:62,4,1,0
BRDA:69,5,0,0
BRDA:69,5,1,0
BRDA:85,6,0,0
BRDA:85,6,1,0
BRDA:89,7,0,0
BRDA:89,7,1,0
BRDA:107,8,0,0
BRDA:107,8,1,0
BRDA:115,9,0,0
BRDA:115,9,1,0
BRDA:115,10,0,0
BRDA:115,10,1,0
BRDA:115,10,2,0
BRDA:115,10,3,0
BRDA:115,10,4,0
BRDA:133,11,0,0
BRDA:133,11,1,0
BRDA:150,12,0,0
BRDA:150,12,1,0
BRDA:155,13,0,0
BRDA:155,13,1,0
BRDA:155,14,0,0
BRDA:155,14,1,0
BRDA:184,15,0,0
BRDA:184,15,1,0
BRF:35
BRH:0
end_of_record
TN:
SF:server/storage.ts
FN:31,(anonymous_0)
FN:35,(anonymous_1)
FN:41,(anonymous_2)
FN:87,(anonymous_3)
FN:91,(anonymous_4)
FN:100,(anonymous_5)
FN:104,(anonymous_6)
FN:120,(anonymous_7)
FN:138,(anonymous_8)
FN:142,(anonymous_9)
FN:143,(anonymous_10)
FN:146,(anonymous_11)
FN:147,(anonymous_12)
FN:150,(anonymous_13)
FN:154,(anonymous_14)
FN:174,(anonymous_15)
FN:193,(anonymous_16)
FN:197,(anonymous_17)
FN:205,getStorage
FN:216,(anonymous_19)
FN:220,(anonymous_20)
FN:224,(anonymous_21)
FN:228,(anonymous_22)
FN:232,(anonymous_23)
FN:236,(anonymous_24)
FN:240,(anonymous_25)
FN:244,(anonymous_26)
FN:248,(anonymous_27)
FN:252,(anonymous_28)
FN:256,(anonymous_29)
FN:260,(anonymous_30)
FN:264,(anonymous_31)
FNF:32
FNH:10
FNDA:5,(anonymous_0)
FNDA:5,(anonymous_1)
FNDA:5,(anonymous_2)
FNDA:1,(anonymous_3)
FNDA:3,(anonymous_4)
FNDA:0,(anonymous_5)
FNDA:1,(anonymous_6)
FNDA:0,(anonymous_7)
FNDA:0,(anonymous_8)
FNDA:1,(anonymous_9)
FNDA:1,(anonymous_10)
FNDA:0,(anonymous_11)
FNDA:0,(anonymous_12)
FNDA:0,(anonymous_13)
FNDA:2,(anonymous_14)
FNDA:0,(anonymous_15)
FNDA:0,(anonymous_16)
FNDA:0,(anonymous_17)
FNDA:0,getStorage
FNDA:0,(anonymous_19)
FNDA:2,(anonymous_20)
FNDA:0,(anonymous_21)
FNDA:0,(anonymous_22)
FNDA:0,(anonymous_23)
FNDA:0,(anonymous_24)
FNDA:0,(anonymous_25)
FNDA:0,(anonymous_26)
FNDA:0,(anonymous_27)
FNDA:0,(anonymous_28)
FNDA:0,(anonymous_29)
FNDA:0,(anonymous_30)
FNDA:0,(anonymous_31)
DA:2,2
DA:22,2
DA:23,5
DA:24,5
DA:25,5
DA:26,5
DA:27,5
DA:28,5
DA:29,5
DA:36,5
DA:37,5
DA:38,5
DA:42,5
DA:44,5
DA:52,5
DA:55,5
DA:56,5
DA:67,5
DA:70,5
DA:71,5
DA:82,5
DA:84,5
DA:88,1
DA:92,3
DA:93,3
DA:94,3
DA:97,0
DA:101,0
DA:105,1
DA:107,1
DA:116,1
DA:117,1
DA:121,0
DA:122,0
DA:123,0
DA:126,0
DA:134,0
DA:135,0
DA:139,0
DA:143,1
DA:147,0
DA:151,0
DA:156,2
DA:158,2
DA:170,2
DA:171,2
DA:175,0
DA:176,0
DA:177,0
DA:180,0
DA:189,0
DA:190,0
DA:194,0
DA:198,0
DA:203,2
DA:205,2
DA:206,0
DA:207,0
DA:209,0
DA:213,2
DA:215,2
DA:217,0
DA:218,0
DA:221,2
DA:222,2
DA:225,0
DA:226,0
DA:229,0
DA:230,0
DA:233,0
DA:234,0
DA:237,0
DA:238,0
DA:241,0
DA:242,0
DA:245,0
DA:246,0
DA:249,0
DA:250,0
DA:253,0
DA:254,0
DA:257,0
DA:258,0
DA:261,0
DA:262,0
DA:265,0
DA:266,0
LF:87
LH:41
BRDA:42,0,0,0
BRDA:42,0,1,5
BRDA:93,1,0,3
BRDA:93,1,1,0
BRDA:111,2,0,1
BRDA:111,2,1,0
BRDA:112,3,0,1
BRDA:112,3,1,0
BRDA:122,4,0,0
BRDA:122,4,1,0
BRDA:129,5,0,0
BRDA:129,5,1,0
BRDA:130,6,0,0
BRDA:130,6,1,0
BRDA:131,7,0,0
BRDA:131,7,1,0
BRDA:162,8,0,2
BRDA:162,8,1,0
BRDA:163,9,0,2
BRDA:163,9,1,2
BRDA:164,10,0,2
BRDA:164,10,1,0
BRDA:165,11,0,2
BRDA:165,11,1,0
BRDA:166,12,0,2
BRDA:166,12,1,2
BRDA:176,13,0,0
BRDA:176,13,1,0
BRDA:183,14,0,0
BRDA:183,14,1,0
BRDA:184,15,0,0
BRDA:184,15,1,0
BRDA:185,16,0,0
BRDA:185,16,1,0
BRDA:186,17,0,0
BRDA:186,17,1,0
BRDA:206,18,0,0
BRDA:206,18,1,0
BRDA:217,19,0,0
BRDA:217,19,1,0
BRDA:221,20,0,1
BRDA:221,20,1,1
BRDA:225,21,0,0
BRDA:225,21,1,0
BRDA:229,22,0,0
BRDA:229,22,1,0
BRDA:233,23,0,0
BRDA:233,23,1,0
BRDA:237,24,0,0
BRDA:237,24,1,0
BRDA:241,25,0,0
BRDA:241,25,1,0
BRDA:245,26,0,0
BRDA:245,26,1,0
BRDA:249,27,0,0
BRDA:249,27,1,0
BRDA:253,28,0,0
BRDA:253,28,1,0
BRDA:257,29,0,0
BRDA:257,29,1,0
BRDA:261,30,0,0
BRDA:261,30,1,0
BRDA:265,31,0,0
BRDA:265,31,1,0
BRF:64
BRH:13
end_of_record
TN:
SF:shared/schema.ts
FN:31,(anonymous_0)
FN:32,(anonymous_1)
FN:33,(anonymous_2)
FNF:3
FNH:0
FNDA:0,(anonymous_0)
FNDA:0,(anonymous_1)
FNDA:0,(anonymous_2)
DA:1,2
DA:2,2
DA:3,2
DA:6,2
DA:19,2
DA:29,2
DA:31,0
DA:32,0
DA:33,0
DA:42,2
DA:47,2
DA:52,2
DA:58,2
LF:13
LH:10
BRF:0
BRH:0
end_of_record
